2025-08-23 16:56:53.641352 - RL train SPY steps=50000 +extra=0 window=30 cost=0.0005 slip=0.0005 cont=False dd_stop=0.02 max_trd=30 split=0.70 -> ret=-0.0543 sharpe=-0.030 mdd=-0.2332
2025-08-23 20:56:54.096792+00:00 - backtest SPY ma_cross start=2010-01-04 00:00:00+00:00 end=2025-08-22 00:00:00+00:00 cost=0.0005 slip=0.0005 -> ret=1.7676 sharpe=0.774 mdd=-0.2130 trades=50 win=0.540
2025-08-23 17:00:37.350534 - RL train SPY steps=50000 +extra=0 window=30 cost=0.0005 slip=0.0005 cont=False dd_stop=0.02 max_trd=30 split=0.70 -> ret=0.1037 sharpe=0.274 mdd=-0.1640
2025-08-23 21:00:37.789900+00:00 - backtest SPY ma_cross start=2010-01-04 00:00:00+00:00 end=2025-08-22 00:00:00+00:00 cost=0.0005 slip=0.0005 -> ret=1.7676 sharpe=0.774 mdd=-0.2130 trades=50 win=0.540
2025-08-23 17:07:23.644478 - RL train SPY steps=100000 +extra=0 window=30 cost=0.0005 slip=0.0005 cont=False dd_stop=0.02 max_trd=30 split=0.70 -> ret=0.0739 sharpe=0.294 mdd=-0.1566
2025-08-23 21:07:24.481356+00:00 - backtest SPY ma_cross start=2015-01-02 00:00:00+00:00 end=2025-08-22 00:00:00+00:00 cost=0.0005 slip=0.0005 -> ret=1.1823 sharpe=0.877 mdd=-0.1528 trades=33 win=0.545
2025-08-23 19:20:22.489675 - RL train SPY steps=50000 +extra=0 window=30 cost=0.0005 slip=0.0005 cont=False split='short series (N=33) — overlap eval on last 32 bars' -> ret=0.0000 sharpe=nan mdd=0.0000
2025-08-23 19:22:38.407627 - RL train SPY steps=50000 +extra=0 window=30 cost=0.0005 slip=0.0005 cont=False split='short series (N=33) — overlap eval on last 32 bars' -> ret=0.0000 sharpe=nan mdd=0.0000
2025-08-24 12:34:12.838015 - RL train SPY steps=50000 +extra=0 window=30 cost=0.0005 slip=0.0005 cont=False split='standard split @ 858/1226' -> ret=-0.0065 sharpe=0.053 mdd=-0.2082
2025-08-24 16:34:13.121373+00:00 - backtest SPY ma_cross start=2020-08-24 00:00:00+00:00 end=2025-08-22 00:00:00+00:00 cost=0.0005 slip=0.0005 -> ret=0.6905 sharpe=1.199 mdd=-0.1313 trades=13 win=0.385
2025-08-24 12:44:15.309896 - RL train SPY steps=50000 +extra=0 window=30 cost=0.0005 slip=0.0005 cont=False split='standard split @ 858/1226' -> ret=-0.0077 sharpe=0.045 mdd=-0.1967
2025-08-24 16:44:15.623570+00:00 - backtest SPY ma_cross start=2020-08-24 00:00:00+00:00 end=2025-08-22 00:00:00+00:00 cost=0.0005 slip=0.0005 -> ret=0.6905 sharpe=1.199 mdd=-0.1313 trades=13 win=0.385
2025-08-24 22:26:19.447360 - RL train SPY steps=50000 +extra=0 window=30 cost=0.001 slip=0.001 cont=False split='standard split @ 858/1226' -> ret=-0.1125 sharpe=-0.593 mdd=-0.2404
2025-08-25 02:26:19.822460+00:00 - backtest SPY ma_cross start=2020-08-24 00:00:00+00:00 end=2025-08-22 00:00:00+00:00 cost=0.001 slip=0.001 -> ret=0.6455 sharpe=1.141 mdd=-0.1347 trades=13 win=0.385
2025-08-25 03:52:04.078640+00:00 - backtest SPY ma_cross start=2020-08-24 00:00:00+00:00 end=2025-08-22 00:00:00+00:00 cost=0.0005 slip=0.0005 -> ret=0.6905 sharpe=1.199 mdd=-0.1313 trades=13 win=0.385
2025-08-24 23:55:01.085580 - RL train SPY steps=50000 +extra=0 window=30 cost=0.0005 slip=0.0005 cont=False split='standard split @ 858/1226' -> ret=-0.0065 sharpe=0.053 mdd=-0.2082
2025-08-25 03:55:01.394940+00:00 - backtest SPY ma_cross start=2020-08-24 00:00:00+00:00 end=2025-08-22 00:00:00+00:00 cost=0.0005 slip=0.0005 -> ret=0.6905 sharpe=1.199 mdd=-0.1313 trades=13 win=0.385
2025-08-25 00:02:09.579935 - RL train SPY steps=50000 +extra=0 window=30 cost=0.0005 slip=0.0005 cont=False split='standard split @ 1852/2646' -> ret=-0.0045 sharpe=0.072 mdd=-0.1500
2025-08-25 04:02:10.047246+00:00 - backtest SPY ma_cross start=2015-01-02 00:00:00+00:00 end=2025-08-22 00:00:00+00:00 cost=0.0005 slip=0.0005 -> ret=1.1823 sharpe=0.877 mdd=-0.1528 trades=33 win=0.545
2025-08-25 04:34:49.679427+00:00 - backtest SPY ma_cross start=2020-01-02 00:00:00+00:00 end=2020-12-31 00:00:00+00:00 cost=0.0005 slip=0.0005 -> ret=0.1423 sharpe=1.162 mdd=-0.1528 trades=2 win=0.500
2025-08-25 22:07:35.538445+00:00 - backtest SPY ma_cross start=2015-01-02 00:00:00+00:00 end=2025-08-22 00:00:00+00:00 cost=0.0005 slip=0.0005 -> ret=1.1823 sharpe=0.877 mdd=-0.1528 trades=33 win=0.545
2025-08-25 22:30:31.395631+00:00 - astro_dataset SPY [2023-01-01 → 2023-12-31] rows=250
2025-08-25 23:29:23.313701+00:00 - astro_dataset SPY [2010-01-01 → present] rows=3935
2025-08-25 19:32:33.203802 - RL train SPY steps=100000 +extra=0 window=30 cost=0.001 slip=0.001 cont=False split='standard split @ 2733/3905' -> ret=-0.3791 sharpe=-0.785 mdd=-0.4336
2025-08-25 19:34:58.373873 - RL train SPY steps=100000 +extra=0 window=30 cost=0.001 slip=0.001 cont=False split='standard split @ 2733/3905' -> ret=-0.2927 sharpe=-0.524 mdd=-0.4610
2025-08-25 19:37:30.487744 - RL train SPY steps=100000 +extra=0 window=30 cost=0.001 slip=0.001 cont=False split='standard split @ 2733/3905' -> ret=-0.1849 sharpe=-0.269 mdd=-0.3465
2025-08-26 00:10:28.032411+00:00 - backtest SPY classifier_gated_rl start=2023-01-03 00:00:00+00:00 end=2023-01-31 00:00:00+00:00 cost=0.0005 slip=0.0005 -> ret=0.0333 sharpe=4.404 mdd=-0.0186 trades=1 win=0.000
